<?xml version="1.0" encoding="UTF-8"?>
<!-- Generated by org.testng.reporters.JUnitReportReporter -->
<testsuite hostname="Surajit" failures="0" tests="1" name="MyTest.Window" time="4.546" errors="0" timestamp="2023-05-15T08:04:53 IST" skipped="0">
  <testcase classname="MyTest.Window" name="getCredential" time="4.546"/>
  <system-out/>
</testsuite> <!-- MyTest.Window -->
